2026-02-06T03:45:54 | touched: Cargo.toml
2026-01-16T14:44:45 | touched: LICENSE
2026-01-27T14:17:02 | touched: README.md
2026-01-20T04:19:56 | touched: LICENSE
2025-06-27T22:32:35 | touched: LICENSE
2026-01-03T15:33:59 | touched: LICENSE
2025-12-09T08:58:23 | touched: README.md
2026-01-20T21:50:27 | touched: src/lib.rs
2026-01-17T21:52:24 | touched: src/lib.rs
2025-12-23T09:35:43 | touched: LICENSE
2025-09-03T23:21:47 | touched: README.md
2026-01-06T07:51:06 | touched: README.md
2026-02-02T00:00:38 | touched: src/main.rs
2026-01-19T08:30:40 | touched: src/main.rs
2025-04-16T19:18:11 | touched: src/main.rs
2026-01-24T20:49:43 | touched: Cargo.toml
2026-02-03T06:43:27 | touched: src/lib.rs
2024-02-27T09:59:17 | touched: src/main.rs
2026-01-07T23:49:09 | touched: src/main.rs
2025-05-18T05:19:28 | touched: src/lib.rs
2026-01-31T04:43:49 | touched: src/main.rs
2026-02-05T23:38:17 | touched: src/lib.rs
